[debug] [2023-03-31T17:24:02.086Z] ----------------------------------------------------------------------
[debug] [2023-03-31T17:24:02.088Z] Command:       C:\Program Files\nodejs\node.exe C:\Users\MIT\AppData\Roaming\npm\node_modules\firebase-tools\lib\bin\firebase.js init
[debug] [2023-03-31T17:24:02.089Z] CLI Version:   11.25.2
[debug] [2023-03-31T17:24:02.089Z] Platform:      win32
[debug] [2023-03-31T17:24:02.089Z] Node Version:  v18.9.0
[debug] [2023-03-31T17:24:02.090Z] Time:          Fri Mar 31 2023 23:24:02 GMT+0600 (Bangladesh Standard Time)
[debug] [2023-03-31T17:24:02.090Z] ----------------------------------------------------------------------
[debug] 
[debug] [2023-03-31T17:24:02.093Z] >>> [apiv2][query] GET https://firebase-public.firebaseio.com/cli.json [none]
[debug] [2023-03-31T17:24:02.141Z] > command requires scopes: ["email","openid","https://www.googleapis.com/auth/cloudplatformprojects.readonly","https://www.googleapis.com/auth/firebase","https://www.googleapis.com/auth/cloud-platform"]
[debug] [2023-03-31T17:24:02.141Z] > authorizing via signed-in user (sayedhossainshifat706@gmail.com)
[info] 
     ######## #### ########  ######## ########     ###     ######  ########
     ##        ##  ##     ## ##       ##     ##  ##   ##  ##       ##
     ######    ##  ########  ######   ########  #########  ######  ######
     ##        ##  ##    ##  ##       ##     ## ##     ##       ## ##
     ##       #### ##     ## ######## ########  ##     ##  ######  ########

You're about to initialize a Firebase project in this directory:

  C:\Batch_6_Procontent_Revision\Milestone_12_Doctors_Portal_Batch_6\milestone_12_clientside_batch_6

Before we get started, keep in mind:

  * You are currently outside your home directory

[debug] [2023-03-31T17:24:03.511Z] <<< [apiv2][status] GET https://firebase-public.firebaseio.com/cli.json 200
[debug] [2023-03-31T17:24:03.512Z] <<< [apiv2][body] GET https://firebase-public.firebaseio.com/cli.json {"cloudBuildErrorAfter":1594252800000,"cloudBuildWarnAfter":1590019200000,"defaultNode10After":1594252800000,"minVersion":"3.0.5","node8DeploysDisabledAfter":1613390400000,"node8RuntimeDisabledAfter":1615809600000,"node8WarnAfter":1600128000000}
